<?xml version="1.0" encoding="UTF-8"?>
<testng-results ignored="0" total="1" passed="1" failed="0" skipped="0">
  <reporter-output>
  </reporter-output>
  <suite started-at="2021-03-25T20:12:49 IST" name="Default suite" finished-at="2021-03-25T20:13:33 IST" duration-ms="43452">
    <groups>
    </groups>
    <test started-at="2021-03-25T20:12:49 IST" name="Default test" finished-at="2021-03-25T20:13:33 IST" duration-ms="43452">
      <class name="com.hackathon.insurance.tests.TestClass">
        <test-method signature="TC012()[pri:0, instance:com.hackathon.insurance.tests.TestClass@6ff29830]" started-at="2021-03-25T20:12:49 IST" name="TC012" finished-at="2021-03-25T20:13:31 IST" duration-ms="41431" status="PASS">
          <reporter-output>
          </reporter-output>
        </test-method> <!-- TC012 -->
        <test-method is-config="true" signature="flushReports()[pri:0, instance:com.hackathon.insurance.tests.TestClass@6ff29830]" started-at="2021-03-25T20:13:31 IST" name="flushReports" finished-at="2021-03-25T20:13:32 IST" duration-ms="1895" status="PASS">
          <reporter-output>
          </reporter-output>
        </test-method> <!-- flushReports -->
      </class> <!-- com.hackathon.insurance.tests.TestClass -->
    </test> <!-- Default test -->
  </suite> <!-- Default suite -->
</testng-results>
