<?xml version="1.0" encoding="UTF-8"?>
<testng-results ignored="0" total="1" passed="1" failed="0" skipped="0">
  <reporter-output>
  </reporter-output>
  <suite started-at="2021-03-26T19:11:26 IST" name="Default suite" finished-at="2021-03-26T19:12:32 IST" duration-ms="66088">
    <groups>
    </groups>
    <test started-at="2021-03-26T19:11:26 IST" name="Default test" finished-at="2021-03-26T19:12:32 IST" duration-ms="66088">
      <class name="com.hackathon.insurance.tests.TestScenarioFour">
        <test-method signature="TC020()[pri:0, instance:com.hackathon.insurance.tests.TestScenarioFour@2638011]" started-at="2021-03-26T19:11:26 IST" name="TC020" finished-at="2021-03-26T19:12:25 IST" duration-ms="58793" status="PASS">
          <reporter-output>
          </reporter-output>
        </test-method> <!-- TC020 -->
        <test-method is-config="true" signature="flushReports()[pri:0, instance:com.hackathon.insurance.tests.TestScenarioFour@2638011]" started-at="2021-03-26T19:12:25 IST" name="flushReports" finished-at="2021-03-26T19:12:32 IST" duration-ms="7102" status="PASS">
          <reporter-output>
          </reporter-output>
        </test-method> <!-- flushReports -->
      </class> <!-- com.hackathon.insurance.tests.TestScenarioFour -->
    </test> <!-- Default test -->
  </suite> <!-- Default suite -->
</testng-results>
